2023-04-12 22:55:07.436 [main] ERROR o.s.b.SpringApplication - [reportFailure,837] - Application run failed
java.lang.IllegalStateException: Failed to execute ApplicationRunner
	at org.springframework.boot.SpringApplication.callRunner(SpringApplication.java:789)
	at org.springframework.boot.SpringApplication.callRunners(SpringApplication.java:776)
	at org.springframework.boot.SpringApplication.run(SpringApplication.java:322)
	at org.springframework.boot.SpringApplication.run(SpringApplication.java:1237)
	at org.springframework.boot.SpringApplication.run(SpringApplication.java:1226)
	at com.chw.ClimbApplication.main(ClimbApplication.java:14)
Caused by: java.io.IOException: Underlying input stream returned zero bytes
	at sun.nio.cs.StreamDecoder.readBytes(StreamDecoder.java:288)
	at sun.nio.cs.StreamDecoder.implRead(StreamDecoder.java:326)
	at sun.nio.cs.StreamDecoder.read(StreamDecoder.java:178)
	at java.io.InputStreamReader.read(InputStreamReader.java:184)
	at java.io.BufferedReader.fill(BufferedReader.java:161)
	at java.io.BufferedReader.read1(BufferedReader.java:212)
	at java.io.BufferedReader.read(BufferedReader.java:289)
	at org.jsoup.parser.CharacterReader.bufferUp(CharacterReader.java:87)
	at org.jsoup.parser.CharacterReader.current(CharacterReader.java:246)
	at org.jsoup.parser.TokeniserState$1.read(TokeniserState.java:12)
	at org.jsoup.parser.Tokeniser.read(Tokeniser.java:62)
	at org.jsoup.parser.TreeBuilder.runParser(TreeBuilder.java:86)
	at org.jsoup.parser.TreeBuilder.parse(TreeBuilder.java:61)
	at org.jsoup.parser.Parser.parseInput(Parser.java:52)
	at org.jsoup.helper.DataUtil.parseInputStream(DataUtil.java:218)
	at org.jsoup.helper.HttpConnection$Response.parse(HttpConnection.java:961)
	at org.jsoup.helper.HttpConnection.get(HttpConnection.java:354)
	at com.chw.climb.DataClimbLhc.climbLhc(DataClimbLhc.java:51)
	at com.chw.climb.DataClimbLhc.run(DataClimbLhc.java:164)
	at org.springframework.boot.SpringApplication.callRunner(SpringApplication.java:786)
	... 5 common frames omitted
